Base path: '/home/guillefix/Unity/Hub/Editor/2019.2.13f1/Editor/Data', plugins path '/home/guillefix/Unity/Hub/Editor/2019.2.13f1/Editor/Data/PlaybackEngines'
Cmd: initializeCompiler
Cmd: compileComputeKernel
  api=15 insize=12270 outsize=4685 ok=1
Cmd: compileComputeKernel
  api=15 insize=64076 outsize=15783 ok=1
Cmd: compileComputeKernel
  api=18 insize=4482 outsize=7243 ok=1
Cmd: compileComputeKernel
  api=15 insize=23621 outsize=7965 ok=1
Cmd: compileComputeKernel
  error: 1 plat 18 at Tensor.cginc(128): use of potentially uninitialized variable (ReadonlyTensor::SafeGet)
  error: 1 plat 18 at Tensor.cginc(295): use of potentially uninitialized variable (SharedTensor::SafeGet)
  api=18 insize=23621 outsize=26308 ok=1
Cmd: compileComputeKernel
  api=15 insize=27408 outsize=3772 ok=1
Cmd: compileComputeKernel
  api=15 insize=27408 outsize=3202 ok=1
Cmd: compileComputeKernel
  api=15 insize=27408 outsize=5042 ok=1
Cmd: compileComputeKernel
  api=18 insize=27408 outsize=7326 ok=1
Cmd: compileComputeKernel
  api=18 insize=27408 outsize=6736 ok=1
Cmd: compileComputeKernel
  api=18 insize=27408 outsize=9175 ok=1
Cmd: compileComputeKernel
  api=15 insize=20360 outsize=2058 ok=1
Cmd: compileComputeKernel
  api=15 insize=20360 outsize=2056 ok=1
Cmd: compileComputeKernel
  api=15 insize=20360 outsize=3219 ok=1
Cmd: compileComputeKernel
  api=15 insize=20360 outsize=2998 ok=1
Cmd: compileComputeKernel
  api=18 insize=20360 outsize=3233 ok=1
Cmd: compileComputeKernel
  api=18 insize=20360 outsize=3211 ok=1
Cmd: compileComputeKernel
  api=18 insize=20360 outsize=5246 ok=1
Cmd: compileComputeKernel
  api=18 insize=20360 outsize=5257 ok=1

Quitting shader compiler process
