Base path: '/home/guillefix/Unity/Hub/Editor/2019.2.13f1/Editor/Data', plugins path '/home/guillefix/Unity/Hub/Editor/2019.2.13f1/Editor/Data/PlaybackEngines'
Cmd: initializeCompiler
Cmd: compileComputeKernel
  api=15 insize=12270 outsize=2806 ok=1
Cmd: compileComputeKernel
  api=18 insize=12270 outsize=7005 ok=1
Cmd: compileComputeKernel
  api=18 insize=64076 outsize=34581 ok=1
Cmd: compileComputeKernel
  api=18 insize=4482 outsize=8699 ok=1
Cmd: compileComputeKernel
  api=15 insize=23621 outsize=18127 ok=1
Cmd: compileComputeKernel
  api=18 insize=2952 outsize=406 ok=1
Cmd: compileComputeKernel
  api=15 insize=27408 outsize=3403 ok=1
Cmd: compileComputeKernel
  api=15 insize=27408 outsize=3115 ok=1
Cmd: compileComputeKernel
  api=15 insize=27408 outsize=3295 ok=1
Cmd: compileComputeKernel
  api=18 insize=27408 outsize=5448 ok=1
Cmd: compileComputeKernel
  api=18 insize=27408 outsize=5660 ok=1
Cmd: compileComputeKernel
  api=18 insize=27408 outsize=7727 ok=1
Cmd: compileComputeKernel
  api=15 insize=20360 outsize=2143 ok=1
Cmd: compileComputeKernel
  api=15 insize=20360 outsize=2769 ok=1
Cmd: compileComputeKernel
  api=15 insize=20360 outsize=3076 ok=1
Cmd: compileComputeKernel
  api=15 insize=20360 outsize=3026 ok=1
Cmd: compileComputeKernel
  api=18 insize=20360 outsize=3476 ok=1
Cmd: compileComputeKernel
  api=18 insize=20360 outsize=4709 ok=1
Cmd: compileComputeKernel
  api=18 insize=20360 outsize=5114 ok=1
Cmd: compileComputeKernel
  api=18 insize=20360 outsize=5695 ok=1
Cmd: compileComputeKernel
  api=18 insize=20360 outsize=6859 ok=1

Quitting shader compiler process
