Base path: '/home/guillefix/Unity/Hub/Editor/2019.2.13f1/Editor/Data', plugins path '/home/guillefix/Unity/Hub/Editor/2019.2.13f1/Editor/Data/PlaybackEngines'
Cmd: initializeCompiler
Cmd: compileComputeKernel
  api=15 insize=12270 outsize=3629 ok=1
Cmd: compileComputeKernel
  api=18 insize=12270 outsize=8294 ok=1
Cmd: compileComputeKernel
  error: 1 plat 15 at Tensor.cginc(142): use of potentially uninitialized variable (ReadonlyTensor::SafeGet)
  api=15 insize=64076 outsize=25220 ok=1
Cmd: compileComputeKernel
  api=18 insize=4482 outsize=7243 ok=1
Cmd: compileComputeKernel
  api=18 insize=23621 outsize=38177 ok=1
Cmd: compileComputeKernel
  api=15 insize=27408 outsize=6534 ok=1
Cmd: compileComputeKernel
  api=15 insize=27408 outsize=3169 ok=1
Cmd: compileComputeKernel
  api=15 insize=27408 outsize=3104 ok=1
Cmd: compileComputeKernel
  api=15 insize=27408 outsize=3181 ok=1
Cmd: compileComputeKernel
  api=18 insize=27408 outsize=5804 ok=1
Cmd: compileComputeKernel
  api=18 insize=27408 outsize=5544 ok=1
Cmd: compileComputeKernel
  api=18 insize=27408 outsize=5855 ok=1
Cmd: compileComputeKernel
  api=15 insize=20360 outsize=2125 ok=1
Cmd: compileComputeKernel
  api=15 insize=20360 outsize=1989 ok=1
Cmd: compileComputeKernel
  api=15 insize=20360 outsize=3273 ok=1
Cmd: compileComputeKernel
  api=15 insize=20360 outsize=3263 ok=1
Cmd: compileComputeKernel
  api=18 insize=20360 outsize=3108 ok=1
Cmd: compileComputeKernel
  api=18 insize=20360 outsize=3187 ok=1
Cmd: compileComputeKernel
  api=18 insize=20360 outsize=5690 ok=1
Cmd: compileComputeKernel
  api=18 insize=20360 outsize=5397 ok=1

Quitting shader compiler process
