Base path: '/home/guillefix/Unity/Hub/Editor/2019.2.13f1/Editor/Data', plugins path '/home/guillefix/Unity/Hub/Editor/2019.2.13f1/Editor/Data/PlaybackEngines'
Cmd: initializeCompiler
Cmd: compileComputeKernel
  api=15 insize=12270 outsize=2666 ok=1
Cmd: compileComputeKernel
  api=18 insize=12270 outsize=6471 ok=1
Cmd: compileComputeKernel
  api=18 insize=12270 outsize=7858 ok=1
Cmd: compileComputeKernel
  api=15 insize=64076 outsize=10973 ok=1
Cmd: compileComputeKernel
  api=18 insize=4482 outsize=7243 ok=1
Cmd: compileComputeKernel
  api=18 insize=23621 outsize=10671 ok=1
Cmd: compileComputeKernel
  api=18 insize=23621 outsize=33262 ok=1
Cmd: compileComputeKernel
  api=15 insize=27408 outsize=3757 ok=1
Cmd: compileComputeKernel
  api=15 insize=27408 outsize=3117 ok=1
Cmd: compileComputeKernel
  api=15 insize=27408 outsize=4281 ok=1
Cmd: compileComputeKernel
  api=18 insize=27408 outsize=12011 ok=1
Cmd: compileComputeKernel
  api=18 insize=27408 outsize=5954 ok=1
Cmd: compileComputeKernel
  api=18 insize=27408 outsize=7719 ok=1
Cmd: compileComputeKernel
  api=18 insize=27408 outsize=9798 ok=1
Cmd: compileComputeKernel
  api=15 insize=20360 outsize=2135 ok=1
Cmd: compileComputeKernel
  api=15 insize=20360 outsize=1934 ok=1
Cmd: compileComputeKernel
  api=15 insize=20360 outsize=3142 ok=1
Cmd: compileComputeKernel
  api=15 insize=20360 outsize=3025 ok=1
Cmd: compileComputeKernel
  api=18 insize=20360 outsize=3101 ok=1
Cmd: compileComputeKernel
  api=18 insize=20360 outsize=3071 ok=1
Cmd: compileComputeKernel
  api=18 insize=20360 outsize=5322 ok=1
Cmd: compileComputeKernel
  api=18 insize=20360 outsize=5373 ok=1
Cmd: compileComputeKernel
  api=18 insize=20360 outsize=5285 ok=1

Quitting shader compiler process
