Base path: '/home/guillefix/Unity/Hub/Editor/2019.2.13f1/Editor/Data', plugins path '/home/guillefix/Unity/Hub/Editor/2019.2.13f1/Editor/Data/PlaybackEngines'
Cmd: initializeCompiler
Cmd: compileComputeKernel
  api=15 insize=12270 outsize=3383 ok=1
Cmd: compileComputeKernel
  api=18 insize=12270 outsize=5720 ok=1
Cmd: compileComputeKernel
  api=15 insize=64076 outsize=9525 ok=1
Cmd: compileComputeKernel
  api=15 insize=4482 outsize=4148 ok=1
Cmd: compileComputeKernel
  api=18 insize=4482 outsize=7251 ok=1
Cmd: compileComputeKernel
  api=15 insize=23621 outsize=9103 ok=1
Cmd: compileComputeKernel
  api=18 insize=23621 outsize=16840 ok=1
Cmd: compileComputeKernel
  api=15 insize=27408 outsize=6787 ok=1
Cmd: compileComputeKernel
  api=15 insize=27408 outsize=3114 ok=1
Cmd: compileComputeKernel
  api=15 insize=27408 outsize=4277 ok=1
Cmd: compileComputeKernel
  api=18 insize=27408 outsize=6722 ok=1
Cmd: compileComputeKernel
  api=18 insize=27408 outsize=6387 ok=1
Cmd: compileComputeKernel
  api=18 insize=27408 outsize=5789 ok=1
Cmd: compileComputeKernel
  api=18 insize=27408 outsize=5618 ok=1
Cmd: compileComputeKernel
  api=15 insize=20360 outsize=2133 ok=1
Cmd: compileComputeKernel
  api=15 insize=20360 outsize=3028 ok=1
Cmd: compileComputeKernel
  api=15 insize=20360 outsize=3086 ok=1
Cmd: compileComputeKernel
  api=15 insize=20360 outsize=3698 ok=1
Cmd: compileComputeKernel
  api=18 insize=20360 outsize=2990 ok=1
Cmd: compileComputeKernel
  api=18 insize=20360 outsize=2828 ok=1
Cmd: compileComputeKernel
  api=18 insize=20360 outsize=5419 ok=1
Cmd: compileComputeKernel
  api=18 insize=20360 outsize=5285 ok=1

Quitting shader compiler process
