Base path: '/home/guillefix/Unity/Hub/Editor/2019.2.13f1/Editor/Data', plugins path '/home/guillefix/Unity/Hub/Editor/2019.2.13f1/Editor/Data/PlaybackEngines'
Cmd: initializeCompiler
Cmd: compileComputeKernel
  api=15 insize=12270 outsize=4011 ok=1
Cmd: compileComputeKernel
  api=18 insize=12270 outsize=4575 ok=1
Cmd: compileComputeKernel
  api=18 insize=12270 outsize=5114 ok=1
Cmd: compileComputeKernel
  api=18 insize=64076 outsize=18437 ok=1
Cmd: compileComputeKernel
  api=15 insize=4482 outsize=4147 ok=1
Cmd: compileComputeKernel
  api=18 insize=4482 outsize=7251 ok=1
Cmd: compileComputeKernel
  api=15 insize=23621 outsize=16438 ok=1
Cmd: compileComputeKernel
  api=15 insize=27408 outsize=3589 ok=1
Cmd: compileComputeKernel
  api=15 insize=27408 outsize=3522 ok=1
Cmd: compileComputeKernel
  api=15 insize=27408 outsize=4277 ok=1
Cmd: compileComputeKernel
  error: 1 plat 18 at Tensor.cginc(128): use of potentially uninitialized variable (ReadonlyTensor::SafeGet)
  api=18 insize=27408 outsize=11934 ok=1
Cmd: compileComputeKernel
  api=18 insize=27408 outsize=5706 ok=1
Cmd: compileComputeKernel
  api=18 insize=27408 outsize=5544 ok=1
Cmd: compileComputeKernel
  api=18 insize=27408 outsize=5626 ok=1
Cmd: compileComputeKernel
  api=15 insize=20360 outsize=2276 ok=1
Cmd: compileComputeKernel
  api=15 insize=20360 outsize=3075 ok=1
Cmd: compileComputeKernel
  api=15 insize=20360 outsize=3152 ok=1
Cmd: compileComputeKernel
  api=15 insize=20360 outsize=2999 ok=1
Cmd: compileComputeKernel
  api=18 insize=20360 outsize=3233 ok=1
Cmd: compileComputeKernel
  api=18 insize=20360 outsize=3071 ok=1
Cmd: compileComputeKernel
  api=18 insize=20360 outsize=5315 ok=1
Cmd: compileComputeKernel
  api=18 insize=20360 outsize=5667 ok=1
Cmd: compileComputeKernel
  api=18 insize=20360 outsize=6967 ok=1

Quitting shader compiler process
