Base path: '/home/guillefix/Unity/Hub/Editor/2019.2.13f1/Editor/Data', plugins path '/home/guillefix/Unity/Hub/Editor/2019.2.13f1/Editor/Data/PlaybackEngines'
Cmd: initializeCompiler
Cmd: compileComputeKernel
  api=15 insize=12270 outsize=2704 ok=1
Cmd: compileComputeKernel
  api=15 insize=12270 outsize=3084 ok=1
Cmd: compileComputeKernel
  api=18 insize=12270 outsize=6400 ok=1
Cmd: compileComputeKernel
  api=18 insize=64076 outsize=11533 ok=1
Cmd: compileComputeKernel
  api=15 insize=4482 outsize=4144 ok=1
Cmd: compileComputeKernel
  api=18 insize=23621 outsize=46232 ok=1
Cmd: compileComputeKernel
  api=15 insize=27408 outsize=3259 ok=1
Cmd: compileComputeKernel
  api=15 insize=27408 outsize=3640 ok=1
Cmd: compileComputeKernel
  api=15 insize=27408 outsize=4281 ok=1
Cmd: compileComputeKernel
  api=18 insize=27408 outsize=8730 ok=1
Cmd: compileComputeKernel
  api=18 insize=27408 outsize=5574 ok=1
Cmd: compileComputeKernel
  api=18 insize=27408 outsize=7735 ok=1
Cmd: compileComputeKernel
  api=18 insize=27408 outsize=5619 ok=1
Cmd: compileComputeKernel
  api=15 insize=20360 outsize=2004 ok=1
Cmd: compileComputeKernel
  api=15 insize=20360 outsize=1935 ok=1
Cmd: compileComputeKernel
  api=15 insize=20360 outsize=3075 ok=1
Cmd: compileComputeKernel
  api=15 insize=20360 outsize=3216 ok=1
Cmd: compileComputeKernel
  api=15 insize=20360 outsize=3705 ok=1
Cmd: compileComputeKernel
  api=18 insize=20360 outsize=2828 ok=1
Cmd: compileComputeKernel
  api=18 insize=20360 outsize=5294 ok=1
Cmd: compileComputeKernel
  api=18 insize=20360 outsize=5200 ok=1
Cmd: compileComputeKernel
  api=18 insize=20360 outsize=5084 ok=1

Quitting shader compiler process
