Base path: C:/Program Files/2019.3.0f3/Editor/Data
Cmd: initializeCompiler
Cmd: compileComputeKernel
  error: 1 plat 4 at Generic.compute(379): signed/unsigned mismatch, unsigned assumed
  error: 1 plat 4 at Generic.compute(392): signed/unsigned mismatch, unsigned assumed
  error: 1 plat 4 at Generic.compute(408): signed/unsigned mismatch, unsigned assumed
  api=4 insize=15451 outsize=1033 ok=1
Cmd: compileComputeKernel
  api=4 insize=64076 outsize=7597 ok=1
Cmd: compileComputeKernel
  api=4 insize=9919 outsize=1857 ok=1
Cmd: compileComputeKernel
  api=4 insize=9919 outsize=2037 ok=1
Cmd: compileComputeKernel
  api=4 insize=23440 outsize=6201 ok=1
Cmd: compileComputeKernel
  error: 1 plat 4 at BarracudaReferenceImpl.compute(12): 'kernal' : unknown pragma ignored
  error: 1 plat 4 at BarracudaReferenceImpl.compute(1261): 'ix': loop control variable conflicts with a previous declaration in the outer scope; most recent declaration will be used
  api=4 insize=44328 outsize=2077 ok=1
Cmd: compileComputeKernel
  error: 1 plat 4 at BarracudaReferenceImpl.compute(12): 'kernal' : unknown pragma ignored
  error: 1 plat 4 at BarracudaReferenceImpl.compute(1261): 'ix': loop control variable conflicts with a previous declaration in the outer scope; most recent declaration will be used
  api=4 insize=44328 outsize=1677 ok=1
Cmd: compileComputeKernel
  api=4 insize=28299 outsize=713 ok=1
Cmd: compileComputeKernel
  api=4 insize=28299 outsize=953 ok=1
Cmd: compileComputeKernel
  api=4 insize=28299 outsize=1485 ok=1
Cmd: compileComputeKernel
  api=4 insize=28299 outsize=1357 ok=1
Cmd: compileComputeKernel
  api=4 insize=28299 outsize=1217 ok=1
