Base path: C:/Program Files/2019.3.0f3/Editor/Data
Cmd: initializeCompiler
Cmd: compileComputeKernel
  api=4 insize=7960 outsize=1065 ok=1
Cmd: compileComputeKernel
  api=4 insize=9919 outsize=1909 ok=1
Cmd: compileComputeKernel
  api=4 insize=9919 outsize=2085 ok=1
Cmd: compileComputeKernel
  api=4 insize=24335 outsize=9545 ok=1
Cmd: compileComputeKernel
  error: 1 plat 4 at BarracudaReferenceImpl.compute(1256): array reference cannot be used as an l-value; not natively addressable, forcing loop to unroll
  error: 1 plat 4 at BarracudaReferenceImpl.compute(1266): array reference cannot be used as an l-value; not natively addressable, forcing loop to unroll
  api=4 insize=44336 outsize=8609 ok=1
Cmd: compileComputeKernel
  api=4 insize=4081 outsize=1785 ok=1
Cmd: compileComputeKernel
  api=4 insize=29386 outsize=717 ok=1
Cmd: compileComputeKernel
  api=4 insize=29386 outsize=1045 ok=1
Cmd: compileComputeKernel
  api=4 insize=29386 outsize=673 ok=1
Cmd: compileComputeKernel
  api=4 insize=29386 outsize=789 ok=1
Cmd: compileComputeKernel
  api=4 insize=29386 outsize=1089 ok=1
Cmd: compileComputeKernel
  api=4 insize=29386 outsize=1309 ok=1
Cmd: compileComputeKernel
  api=4 insize=29386 outsize=1301 ok=1
Cmd: compileComputeKernel
  api=4 insize=29386 outsize=1633 ok=1
