Base path: '/home/guillefix/Unity/Hub/Editor/2019.2.13f1/Editor/Data', plugins path '/home/guillefix/Unity/Hub/Editor/2019.2.13f1/Editor/Data/PlaybackEngines'
Cmd: initializeCompiler
Cmd: compileComputeKernel
  api=15 insize=7960 outsize=3677 ok=1
Cmd: compileComputeKernel
  error: 1 plat 15 at Tensor.cginc(155): use of potentially uninitialized variable (ReadonlyTensor::SafeGet)
  api=15 insize=64076 outsize=25502 ok=1
Cmd: compileComputeKernel
  api=15 insize=9919 outsize=4316 ok=1
Cmd: compileComputeKernel
  api=15 insize=9919 outsize=4604 ok=1
Cmd: compileComputeKernel
  api=18 insize=9919 outsize=7345 ok=1
Cmd: compileComputeKernel
  api=18 insize=24335 outsize=10747 ok=1
Cmd: compileComputeKernel
  api=18 insize=24335 outsize=33253 ok=1
Cmd: compileComputeKernel
  api=18 insize=7335 outsize=6643 ok=1
Cmd: compileComputeKernel
  error: 1 plat 15 at Tensor.cginc(141): use of potentially uninitialized variable (ReadonlyTensor::SafeGet)
  api=15 insize=44336 outsize=7051 ok=1
Cmd: compileComputeKernel
  api=15 insize=44336 outsize=3571 ok=1
Cmd: compileComputeKernel
  api=15 insize=44336 outsize=3234 ok=1
Cmd: compileComputeKernel
  api=15 insize=44336 outsize=4553 ok=1
Cmd: compileComputeKernel
  api=15 insize=44336 outsize=3340 ok=1
Cmd: compileComputeKernel
  error: 1 plat 18 at Tensor.cginc(141): use of potentially uninitialized variable (ReadonlyTensor::SafeGet)
  api=18 insize=44336 outsize=11003 ok=1
Cmd: compileComputeKernel
  api=18 insize=44336 outsize=5675 ok=1
Cmd: compileComputeKernel
  api=18 insize=44336 outsize=6048 ok=1
Cmd: compileComputeKernel
  api=18 insize=44336 outsize=7839 ok=1
Cmd: compileComputeKernel
  api=18 insize=44336 outsize=7893 ok=1
Cmd: compileComputeKernel
  api=18 insize=44336 outsize=12614 ok=1
Cmd: compileComputeKernel
  api=15 insize=29386 outsize=2661 ok=1
Cmd: compileComputeKernel
  api=15 insize=29386 outsize=2196 ok=1
Cmd: compileComputeKernel
  api=15 insize=29386 outsize=2450 ok=1
Cmd: compileComputeKernel
  api=15 insize=29386 outsize=2301 ok=1
Cmd: compileComputeKernel
  api=15 insize=29386 outsize=2793 ok=1
Cmd: compileComputeKernel
  api=15 insize=29386 outsize=3287 ok=1
Cmd: compileComputeKernel
  api=15 insize=29386 outsize=3294 ok=1
Cmd: compileComputeKernel
  api=15 insize=29386 outsize=3359 ok=1
Cmd: compileComputeKernel
  api=18 insize=29386 outsize=4178 ok=1
Cmd: compileComputeKernel
  api=18 insize=29386 outsize=3552 ok=1
Cmd: compileComputeKernel
  api=18 insize=29386 outsize=3436 ok=1
Cmd: compileComputeKernel
  api=18 insize=29386 outsize=5532 ok=1
Cmd: compileComputeKernel
  api=18 insize=29386 outsize=6124 ok=1
Cmd: compileComputeKernel
  api=18 insize=29386 outsize=5575 ok=1
Cmd: compileComputeKernel
  api=18 insize=29386 outsize=6645 ok=1
