Base path: C:/Program Files/2019.3.0f3/Editor/Data
Cmd: initializeCompiler
Cmd: compileComputeKernel
  error: 1 plat 4 at Generic.compute(379): signed/unsigned mismatch, unsigned assumed
  error: 1 plat 4 at Generic.compute(392): signed/unsigned mismatch, unsigned assumed
  error: 1 plat 4 at Generic.compute(408): signed/unsigned mismatch, unsigned assumed
  api=4 insize=15451 outsize=1565 ok=1
Cmd: compileComputeKernel
  api=4 insize=64076 outsize=4649 ok=1
Cmd: compileComputeKernel
  api=4 insize=9919 outsize=1889 ok=1
Cmd: compileComputeKernel
  error: 1 plat 4 at BarracudaReferenceImpl.compute(12): 'kernal' : unknown pragma ignored
  error: 1 plat 4 at BarracudaReferenceImpl.compute(1261): 'ix': loop control variable conflicts with a previous declaration in the outer scope; most recent declaration will be used
  api=4 insize=44328 outsize=1685 ok=1
Cmd: compileComputeKernel
  error: 1 plat 4 at BarracudaReferenceImpl.compute(12): 'kernal' : unknown pragma ignored
  error: 1 plat 4 at BarracudaReferenceImpl.compute(1261): 'ix': loop control variable conflicts with a previous declaration in the outer scope; most recent declaration will be used
  api=4 insize=44328 outsize=1317 ok=1
Cmd: compileComputeKernel
  error: 1 plat 4 at BarracudaReferenceImpl.compute(12): 'kernal' : unknown pragma ignored
  error: 1 plat 4 at BarracudaReferenceImpl.compute(1261): 'ix': loop control variable conflicts with a previous declaration in the outer scope; most recent declaration will be used
  api=4 insize=44328 outsize=1545 ok=1
Cmd: compileComputeKernel
  error: 1 plat 4 at BarracudaReferenceImpl.compute(12): 'kernal' : unknown pragma ignored
  error: 1 plat 4 at BarracudaReferenceImpl.compute(1261): 'ix': loop control variable conflicts with a previous declaration in the outer scope; most recent declaration will be used
  api=4 insize=44328 outsize=1857 ok=1
Cmd: compileComputeKernel
  error: 1 plat 4 at BarracudaReferenceImpl.compute(12): 'kernal' : unknown pragma ignored
  error: 1 plat 4 at BarracudaReferenceImpl.compute(1261): 'ix': loop control variable conflicts with a previous declaration in the outer scope; most recent declaration will be used
  api=4 insize=44328 outsize=1897 ok=1
Cmd: compileComputeKernel
  error: 1 plat 4 at BarracudaReferenceImpl.compute(12): 'kernal' : unknown pragma ignored
  error: 1 plat 4 at BarracudaReferenceImpl.compute(1261): 'ix': loop control variable conflicts with a previous declaration in the outer scope; most recent declaration will be used
  api=4 insize=44328 outsize=1321 ok=1
Cmd: compileComputeKernel
  error: 1 plat 4 at BarracudaReferenceImpl.compute(12): 'kernal' : unknown pragma ignored
  error: 1 plat 4 at BarracudaReferenceImpl.compute(1261): 'ix': loop control variable conflicts with a previous declaration in the outer scope; most recent declaration will be used
  api=4 insize=44328 outsize=1389 ok=1
Cmd: compileComputeKernel
  api=4 insize=28299 outsize=985 ok=1
Cmd: compileComputeKernel
  api=4 insize=28299 outsize=797 ok=1
Cmd: compileComputeKernel
  api=4 insize=28299 outsize=1285 ok=1
Cmd: compileComputeKernel
  api=4 insize=28299 outsize=1365 ok=1
Cmd: compileComputeKernel
  api=4 insize=28299 outsize=1305 ok=1
Cmd: compileComputeKernel
  api=4 insize=28299 outsize=1613 ok=1
