Base path: '/home/guillefix/Unity/Hub/Editor/2019.2.13f1/Editor/Data', plugins path '/home/guillefix/Unity/Hub/Editor/2019.2.13f1/Editor/Data/PlaybackEngines'
Cmd: initializeCompiler
Cmd: compileComputeKernel
  api=15 insize=7960 outsize=3760 ok=1
Cmd: compileComputeKernel
  api=18 insize=7960 outsize=4629 ok=1
Cmd: compileComputeKernel
  api=18 insize=64076 outsize=31561 ok=1
Cmd: compileComputeKernel
  api=15 insize=9919 outsize=4356 ok=1
Cmd: compileComputeKernel
  api=18 insize=9919 outsize=7283 ok=1
Cmd: compileComputeKernel
  api=15 insize=24335 outsize=18328 ok=1
Cmd: compileComputeKernel
  api=18 insize=7335 outsize=5682 ok=1
Cmd: compileComputeKernel
  api=15 insize=44336 outsize=7147 ok=1
Cmd: compileComputeKernel
  api=15 insize=44336 outsize=3276 ok=1
Cmd: compileComputeKernel
  api=15 insize=44336 outsize=3339 ok=1
Cmd: compileComputeKernel
  api=15 insize=44336 outsize=4544 ok=1
Cmd: compileComputeKernel
  api=15 insize=44336 outsize=3456 ok=1
Cmd: compileComputeKernel
  error: 1 plat 18 at BarracudaReferenceImpl.compute(1256): array reference cannot be used as an l-value; not natively addressable, forcing loop to unroll
  error: 1 plat 18 at BarracudaReferenceImpl.compute(1266): array reference cannot be used as an l-value; not natively addressable, forcing loop to unroll
  api=18 insize=44336 outsize=32219 ok=1
Cmd: compileComputeKernel
  api=15 insize=29386 outsize=2085 ok=1
Cmd: compileComputeKernel
  api=15 insize=29386 outsize=2812 ok=1
Cmd: compileComputeKernel
  api=15 insize=29386 outsize=2313 ok=1
Cmd: compileComputeKernel
  api=15 insize=29386 outsize=2081 ok=1
Cmd: compileComputeKernel
  api=15 insize=29386 outsize=3215 ok=1
Cmd: compileComputeKernel
  api=15 insize=29386 outsize=3297 ok=1
Cmd: compileComputeKernel
  api=15 insize=29386 outsize=3293 ok=1
Cmd: compileComputeKernel
  api=15 insize=29386 outsize=3730 ok=1
Cmd: compileComputeKernel
  api=18 insize=29386 outsize=3223 ok=1
Cmd: compileComputeKernel
  api=18 insize=29386 outsize=3355 ok=1
Cmd: compileComputeKernel
  api=18 insize=29386 outsize=3333 ok=1
Cmd: compileComputeKernel
  api=18 insize=29386 outsize=2516 ok=1
Cmd: compileComputeKernel
  api=18 insize=29386 outsize=5986 ok=1
Cmd: compileComputeKernel
  api=18 insize=29386 outsize=5562 ok=1
Cmd: compileComputeKernel
  api=18 insize=29386 outsize=5544 ok=1
