Base path: C:/Program Files/2019.3.0f3/Editor/Data
Cmd: initializeCompiler
Cmd: compileComputeKernel
  error: 1 plat 4 at Generic.compute(379): signed/unsigned mismatch, unsigned assumed
  error: 1 plat 4 at Generic.compute(392): signed/unsigned mismatch, unsigned assumed
  error: 1 plat 4 at Generic.compute(408): signed/unsigned mismatch, unsigned assumed
  api=4 insize=15451 outsize=2045 ok=1
Cmd: compileComputeKernel
  api=4 insize=9919 outsize=1889 ok=1
Cmd: compileComputeKernel
  api=4 insize=23440 outsize=2657 ok=1
Cmd: compileComputeKernel
  error: 1 plat 4 at BarracudaReferenceImpl.compute(12): 'kernal' : unknown pragma ignored
  error: 1 plat 4 at BarracudaReferenceImpl.compute(1261): 'ix': loop control variable conflicts with a previous declaration in the outer scope; most recent declaration will be used
  api=4 insize=44328 outsize=1425 ok=1
Cmd: compileComputeKernel
  error: 1 plat 4 at BarracudaReferenceImpl.compute(12): 'kernal' : unknown pragma ignored
  error: 1 plat 4 at BarracudaReferenceImpl.compute(1261): 'ix': loop control variable conflicts with a previous declaration in the outer scope; most recent declaration will be used
  api=4 insize=44328 outsize=1281 ok=1
Cmd: compileComputeKernel
  error: 1 plat 4 at BarracudaReferenceImpl.compute(12): 'kernal' : unknown pragma ignored
  error: 1 plat 4 at BarracudaReferenceImpl.compute(1261): 'ix': loop control variable conflicts with a previous declaration in the outer scope; most recent declaration will be used
  api=4 insize=44328 outsize=1337 ok=1
Cmd: compileComputeKernel
  api=4 insize=28299 outsize=777 ok=1
Cmd: compileComputeKernel
  api=4 insize=28299 outsize=677 ok=1
Cmd: compileComputeKernel
  api=4 insize=28299 outsize=1225 ok=1
Cmd: compileComputeKernel
  api=4 insize=28299 outsize=1453 ok=1
Cmd: compileComputeKernel
  api=4 insize=28299 outsize=1313 ok=1
Cmd: compileComputeKernel
  api=4 insize=28299 outsize=1281 ok=1
Cmd: compileComputeKernel
  api=4 insize=28299 outsize=1365 ok=1
