Base path: '/home/guillefix/Unity/Hub/Editor/2019.2.13f1/Editor/Data', plugins path '/home/guillefix/Unity/Hub/Editor/2019.2.13f1/Editor/Data/PlaybackEngines'
Cmd: initializeCompiler
Cmd: compileComputeKernel
  api=15 insize=23621 outsize=16438 ok=1
Cmd: compileComputeKernel
  api=15 insize=4482 outsize=4144 ok=1
Cmd: compileComputeKernel
  api=15 insize=12270 outsize=3629 ok=1
Cmd: compileComputeKernel
  api=18 insize=12270 outsize=8294 ok=1
Cmd: compileComputeKernel
  error: 1 plat 15 at Tensor.cginc(128): use of potentially uninitialized variable (ReadonlyTensor::SafeGet)
  api=15 insize=27408 outsize=6287 ok=1
Cmd: compileComputeKernel
  api=15 insize=27408 outsize=3169 ok=1
Cmd: compileComputeKernel
  api=15 insize=27408 outsize=3104 ok=1
Cmd: compileComputeKernel
  api=15 insize=27408 outsize=3181 ok=1
Cmd: compileComputeKernel
  api=18 insize=27408 outsize=5804 ok=1
Cmd: compileComputeKernel
  api=18 insize=27408 outsize=5544 ok=1
Cmd: compileComputeKernel
  api=18 insize=27408 outsize=5626 ok=1
Cmd: compileComputeKernel
  api=15 insize=20360 outsize=1937 ok=1
Cmd: compileComputeKernel
  api=15 insize=20360 outsize=2606 ok=1
Cmd: compileComputeKernel
  api=15 insize=20360 outsize=3076 ok=1
Cmd: compileComputeKernel
  api=15 insize=20360 outsize=3073 ok=1
Cmd: compileComputeKernel
  api=18 insize=20360 outsize=3476 ok=1
Cmd: compileComputeKernel
  api=18 insize=20360 outsize=3481 ok=1
Cmd: compileComputeKernel
  api=18 insize=20360 outsize=5287 ok=1
Cmd: compileComputeKernel
  api=18 insize=20360 outsize=5667 ok=1
Cmd: compileComputeKernel
  api=18 insize=20360 outsize=6859 ok=1
Cmd: compileComputeKernel
  api=15 insize=64076 outsize=10973 ok=1

Quitting shader compiler process
