Base path: '/home/guillefix/Unity/Hub/Editor/2019.2.13f1/Editor/Data', plugins path '/home/guillefix/Unity/Hub/Editor/2019.2.13f1/Editor/Data/PlaybackEngines'
Cmd: initializeCompiler
Cmd: compileComputeKernel
  api=15 insize=23621 outsize=18127 ok=1
Cmd: compileComputeKernel
  api=18 insize=4482 outsize=7243 ok=1
Cmd: compileComputeKernel
  api=15 insize=12270 outsize=4011 ok=1
Cmd: compileComputeKernel
  api=15 insize=12270 outsize=2984 ok=1
Cmd: compileComputeKernel
  api=18 insize=12270 outsize=5720 ok=1
Cmd: compileComputeKernel
  api=15 insize=27408 outsize=6787 ok=1
Cmd: compileComputeKernel
  api=15 insize=27408 outsize=3325 ok=1
Cmd: compileComputeKernel
  api=15 insize=27408 outsize=3180 ok=1
Cmd: compileComputeKernel
  api=18 insize=27408 outsize=8730 ok=1
Cmd: compileComputeKernel
  api=18 insize=27408 outsize=5949 ok=1
Cmd: compileComputeKernel
  api=18 insize=27408 outsize=9175 ok=1
Cmd: compileComputeKernel
  api=15 insize=20360 outsize=2276 ok=1
Cmd: compileComputeKernel
  api=15 insize=20360 outsize=3001 ok=1
Cmd: compileComputeKernel
  api=15 insize=20360 outsize=3095 ok=1
Cmd: compileComputeKernel
  api=15 insize=20360 outsize=3026 ok=1
Cmd: compileComputeKernel
  api=18 insize=20360 outsize=3233 ok=1
Cmd: compileComputeKernel
  api=18 insize=20360 outsize=4430 ok=1
Cmd: compileComputeKernel
  api=18 insize=20360 outsize=5246 ok=1
Cmd: compileComputeKernel
  api=18 insize=20360 outsize=5285 ok=1
Cmd: compileComputeKernel
  api=18 insize=64076 outsize=11533 ok=1
Cmd: compileComputeKernel
  api=18 insize=64076 outsize=20179 ok=1

Quitting shader compiler process
