Base path: '/home/guillefix/Unity/Hub/Editor/2019.2.13f1/Editor/Data', plugins path '/home/guillefix/Unity/Hub/Editor/2019.2.13f1/Editor/Data/PlaybackEngines'
Cmd: initializeCompiler
Cmd: compileComputeKernel
  error: 1 plat 15 at Tensor.cginc(128): use of potentially uninitialized variable (ReadonlyTensor::SafeGet)
  error: 1 plat 15 at Tensor.cginc(295): use of potentially uninitialized variable (SharedTensor::SafeGet)
  api=15 insize=23621 outsize=17155 ok=1
Cmd: compileComputeKernel
  api=15 insize=4482 outsize=4144 ok=1
Cmd: compileComputeKernel
  api=15 insize=12270 outsize=2806 ok=1
Cmd: compileComputeKernel
  api=18 insize=12270 outsize=6724 ok=1
Cmd: compileComputeKernel
  api=15 insize=27408 outsize=3589 ok=1
Cmd: compileComputeKernel
  api=15 insize=27408 outsize=3117 ok=1
Cmd: compileComputeKernel
  api=15 insize=27408 outsize=4281 ok=1
Cmd: compileComputeKernel
  api=18 insize=27408 outsize=7326 ok=1
Cmd: compileComputeKernel
  api=18 insize=27408 outsize=5706 ok=1
Cmd: compileComputeKernel
  api=18 insize=27408 outsize=7719 ok=1
Cmd: compileComputeKernel
  api=15 insize=20360 outsize=2058 ok=1
Cmd: compileComputeKernel
  api=15 insize=20360 outsize=2056 ok=1
Cmd: compileComputeKernel
  api=15 insize=20360 outsize=3086 ok=1
Cmd: compileComputeKernel
  api=15 insize=20360 outsize=3072 ok=1
Cmd: compileComputeKernel
  api=18 insize=20360 outsize=3108 ok=1
Cmd: compileComputeKernel
  api=18 insize=20360 outsize=3071 ok=1
Cmd: compileComputeKernel
  api=18 insize=20360 outsize=5315 ok=1
Cmd: compileComputeKernel
  api=18 insize=20360 outsize=5224 ok=1
Cmd: compileComputeKernel
  api=18 insize=20360 outsize=6260 ok=1

Quitting shader compiler process
