Base path: '/home/guillefix/Unity/Hub/Editor/2019.2.13f1/Editor/Data', plugins path '/home/guillefix/Unity/Hub/Editor/2019.2.13f1/Editor/Data/PlaybackEngines'
Cmd: initializeCompiler
Cmd: compileComputeKernel
  api=15 insize=23621 outsize=7965 ok=1
Cmd: compileComputeKernel
  api=18 insize=23621 outsize=13224 ok=1
Cmd: compileComputeKernel
  api=15 insize=4482 outsize=4147 ok=1
Cmd: compileComputeKernel
  api=18 insize=4482 outsize=7251 ok=1
Cmd: compileComputeKernel
  api=15 insize=12270 outsize=3874 ok=1
Cmd: compileComputeKernel
  api=18 insize=12270 outsize=7858 ok=1
Cmd: compileComputeKernel
  error: 1 plat 15 at Tensor.cginc(128): use of potentially uninitialized variable (ReadonlyTensor::SafeGet)
  api=15 insize=27408 outsize=6826 ok=1
Cmd: compileComputeKernel
  api=15 insize=27408 outsize=3115 ok=1
Cmd: compileComputeKernel
  api=15 insize=27408 outsize=4277 ok=1
Cmd: compileComputeKernel
  error: 1 plat 18 at Tensor.cginc(128): use of potentially uninitialized variable (ReadonlyTensor::SafeGet)
  api=18 insize=27408 outsize=10899 ok=1
Cmd: compileComputeKernel
  api=18 insize=27408 outsize=5574 ok=1
Cmd: compileComputeKernel
  api=18 insize=27408 outsize=7727 ok=1
Cmd: compileComputeKernel
  api=15 insize=20360 outsize=2135 ok=1
Cmd: compileComputeKernel
  api=15 insize=20360 outsize=1935 ok=1
Cmd: compileComputeKernel
  api=15 insize=20360 outsize=3028 ok=1
Cmd: compileComputeKernel
  api=15 insize=20360 outsize=3216 ok=1
Cmd: compileComputeKernel
  api=15 insize=20360 outsize=3705 ok=1
Cmd: compileComputeKernel
  api=18 insize=20360 outsize=2968 ok=1
Cmd: compileComputeKernel
  api=18 insize=20360 outsize=5690 ok=1
Cmd: compileComputeKernel
  api=18 insize=20360 outsize=5425 ok=1
Cmd: compileComputeKernel
  api=18 insize=2952 outsize=406 ok=1
Cmd: compileComputeKernel
  api=18 insize=64076 outsize=31509 ok=1

Quitting shader compiler process
