Base path: '/home/guillefix/Unity/Hub/Editor/2019.2.13f1/Editor/Data', plugins path '/home/guillefix/Unity/Hub/Editor/2019.2.13f1/Editor/Data/PlaybackEngines'
Cmd: initializeCompiler
Cmd: compileComputeKernel
  api=18 insize=23621 outsize=10671 ok=1
Cmd: compileComputeKernel
  error: 1 plat 18 at Tensor.cginc(128): use of potentially uninitialized variable (ReadonlyTensor::SafeGet)
  error: 1 plat 18 at Tensor.cginc(295): use of potentially uninitialized variable (SharedTensor::SafeGet)
  api=18 insize=23621 outsize=26308 ok=1
Cmd: compileComputeKernel
  api=18 insize=4482 outsize=7259 ok=1
Cmd: compileComputeKernel
  api=15 insize=12270 outsize=2704 ok=1
Cmd: compileComputeKernel
  api=18 insize=12270 outsize=6471 ok=1
Cmd: compileComputeKernel
  api=18 insize=12270 outsize=5114 ok=1
Cmd: compileComputeKernel
  api=15 insize=27408 outsize=3757 ok=1
Cmd: compileComputeKernel
  api=15 insize=27408 outsize=3202 ok=1
Cmd: compileComputeKernel
  api=15 insize=27408 outsize=4280 ok=1
Cmd: compileComputeKernel
  api=15 insize=27408 outsize=5035 ok=1
Cmd: compileComputeKernel
  api=18 insize=27408 outsize=6387 ok=1
Cmd: compileComputeKernel
  api=18 insize=27408 outsize=7146 ok=1
Cmd: compileComputeKernel
  api=18 insize=27408 outsize=9798 ok=1
Cmd: compileComputeKernel
  api=15 insize=20360 outsize=2014 ok=1
Cmd: compileComputeKernel
  api=15 insize=20360 outsize=2055 ok=1
Cmd: compileComputeKernel
  api=15 insize=20360 outsize=3273 ok=1
Cmd: compileComputeKernel
  api=15 insize=20360 outsize=3053 ok=1
Cmd: compileComputeKernel
  api=15 insize=20360 outsize=3524 ok=1
Cmd: compileComputeKernel
  api=18 insize=20360 outsize=2828 ok=1
Cmd: compileComputeKernel
  api=18 insize=20360 outsize=5294 ok=1
Cmd: compileComputeKernel
  api=18 insize=20360 outsize=5373 ok=1
Cmd: compileComputeKernel
  api=18 insize=20360 outsize=5257 ok=1
Cmd: compileComputeKernel
  error: 1 plat 18 at Tensor.cginc(142): use of potentially uninitialized variable (ReadonlyTensor::SafeGet)
  api=18 insize=64076 outsize=41046 ok=1

Quitting shader compiler process
